<?xml version="1.0" encoding="UTF-8"?>
<testsuite name="com.amazon.ata.gym.routine.service.tct.MT3IntrospectionTests" tests="4" skipped="0" failures="0" errors="0" timestamp="2024-09-10T01:06:49" hostname="SANTIMSI" time="0.435">
  <properties/>
  <testcase name="mt03_module_providesSingletonDynamoDbMapper()" classname="com.amazon.ata.gym.routine.service.tct.MT3IntrospectionTests" time="0.313"/>
  <testcase name="mt03_appClass_deleted()" classname="com.amazon.ata.gym.routine.service.tct.MT3IntrospectionTests" time="0.024"/>
  <testcase name="mt03_daggerClasses_correctlyAnnotated()" classname="com.amazon.ata.gym.routine.service.tct.MT3IntrospectionTests" time="0.07"/>
  <testcase name="mt03_componentClass_providesActivityClasses()" classname="com.amazon.ata.gym.routine.service.tct.MT3IntrospectionTests" time="0.025"/>
  <system-out><![CDATA[]]></system-out>
  <system-err><![CDATA[]]></system-err>
</testsuite>
