<?xml version="1.0" encoding="UTF-8"?>
<testsuite name="com.amazon.ata.gym.routine.service.tct.MT2DesignIntrospectionTests" tests="5" skipped="0" failures="0" errors="0" timestamp="2024-09-16T12:41:30" hostname="SANTIMSI" time="0.032">
  <properties/>
  <testcase name="[1] InvalidAttributeChangeException" classname="com.amazon.ata.gym.routine.service.tct.MT2DesignIntrospectionTests" time="0.001"/>
  <testcase name="[2] ExerciseNotFoundException" classname="com.amazon.ata.gym.routine.service.tct.MT2DesignIntrospectionTests" time="0.001"/>
  <testcase name="[3] InvalidAttributeValueException" classname="com.amazon.ata.gym.routine.service.tct.MT2DesignIntrospectionTests" time="0.001"/>
  <testcase name="[4] RoutineNotFoundException" classname="com.amazon.ata.gym.routine.service.tct.MT2DesignIntrospectionTests" time="0.001"/>
  <testcase name="mt2Design_getClassDiagram_containsExpectedExceptionHierarchy()" classname="com.amazon.ata.gym.routine.service.tct.MT2DesignIntrospectionTests" time="0.026"/>
  <system-out><![CDATA[]]></system-out>
  <system-err><![CDATA[]]></system-err>
</testsuite>
