<?xml version="1.0" encoding="UTF-8"?>
<testsuite name="com.amazon.ata.gym.routine.service.tct.MT3IntrospectionTests" tests="4" skipped="0" failures="0" errors="0" timestamp="2024-09-16T17:34:57" hostname="SANTIMSI" time="0.441">
  <properties/>
  <testcase name="mt03_module_providesSingletonDynamoDbMapper()" classname="com.amazon.ata.gym.routine.service.tct.MT3IntrospectionTests" time="0.318"/>
  <testcase name="mt03_appClass_deleted()" classname="com.amazon.ata.gym.routine.service.tct.MT3IntrospectionTests" time="0.027"/>
  <testcase name="mt03_daggerClasses_correctlyAnnotated()" classname="com.amazon.ata.gym.routine.service.tct.MT3IntrospectionTests" time="0.07"/>
  <testcase name="mt03_componentClass_providesActivityClasses()" classname="com.amazon.ata.gym.routine.service.tct.MT3IntrospectionTests" time="0.024"/>
  <system-out><![CDATA[]]></system-out>
  <system-err><![CDATA[]]></system-err>
</testsuite>
