<?xml version="1.0" encoding="UTF-8"?>
<testsuite name="com.amazon.ata.gym.routine.service.tct.MT1DesignSequenceDiagramIntrospectionTests" tests="12" skipped="0" failures="0" errors="0" timestamp="2024-09-17T12:58:36" hostname="SANTIMSI" time="0.029">
  <properties/>
  <testcase name="[1] GetRoutineActivity" classname="com.amazon.ata.gym.routine.service.tct.MT1DesignSequenceDiagramIntrospectionTests" time="0.003"/>
  <testcase name="[2] RoutineDao" classname="com.amazon.ata.gym.routine.service.tct.MT1DesignSequenceDiagramIntrospectionTests" time="0.001"/>
  <testcase name="[1] CreateRoutineActivity" classname="com.amazon.ata.gym.routine.service.tct.MT1DesignSequenceDiagramIntrospectionTests" time="0.001"/>
  <testcase name="[2] GymRoutineServiceUtils" classname="com.amazon.ata.gym.routine.service.tct.MT1DesignSequenceDiagramIntrospectionTests" time="0.001"/>
  <testcase name="[3] RoutineDao" classname="com.amazon.ata.gym.routine.service.tct.MT1DesignSequenceDiagramIntrospectionTests" time="0.001"/>
  <testcase name="[1] InvalidAttributeValueException" classname="com.amazon.ata.gym.routine.service.tct.MT1DesignSequenceDiagramIntrospectionTests" time="0.001"/>
  <testcase name="[2] String" classname="com.amazon.ata.gym.routine.service.tct.MT1DesignSequenceDiagramIntrospectionTests" time="0.001"/>
  <testcase name="[1] RoutineNotFoundException" classname="com.amazon.ata.gym.routine.service.tct.MT1DesignSequenceDiagramIntrospectionTests" time="0.001"/>
  <testcase name="[2] Routine" classname="com.amazon.ata.gym.routine.service.tct.MT1DesignSequenceDiagramIntrospectionTests" time="0.001"/>
  <testcase name="[1] generateRoutineId" classname="com.amazon.ata.gym.routine.service.tct.MT1DesignSequenceDiagramIntrospectionTests" time="0.001"/>
  <testcase name="[2] saveRoutine" classname="com.amazon.ata.gym.routine.service.tct.MT1DesignSequenceDiagramIntrospectionTests" time="0.001"/>
  <testcase name="[1] getRoutine" classname="com.amazon.ata.gym.routine.service.tct.MT1DesignSequenceDiagramIntrospectionTests" time="0.001"/>
  <system-out><![CDATA[]]></system-out>
  <system-err><![CDATA[]]></system-err>
</testsuite>
