<?xml version="1.0" encoding="UTF-8"?>
<testsuite name="com.amazon.ata.gym.routine.service.tct.MT1DesignClassDiagramIntrospectionTests" tests="30" skipped="0" failures="0" errors="0" timestamp="2024-09-05T16:43:42" hostname="SANTIMSI" time="0.21">
  <properties/>
  <testcase name="[1] Routine, Exercise" classname="com.amazon.ata.gym.routine.service.tct.MT1DesignClassDiagramIntrospectionTests" time="0.065"/>
  <testcase name="[2] AddExerciseToRoutineActivity, ExerciseDao" classname="com.amazon.ata.gym.routine.service.tct.MT1DesignClassDiagramIntrospectionTests" time="0.01"/>
  <testcase name="[3] CreateRoutineActivity, RoutineDao" classname="com.amazon.ata.gym.routine.service.tct.MT1DesignClassDiagramIntrospectionTests" time="0.01"/>
  <testcase name="[4] AddExerciseToRoutineActivity, RoutineDao" classname="com.amazon.ata.gym.routine.service.tct.MT1DesignClassDiagramIntrospectionTests" time="0.009"/>
  <testcase name="[5] GetRoutineActivity, RoutineDao" classname="com.amazon.ata.gym.routine.service.tct.MT1DesignClassDiagramIntrospectionTests" time="0.009"/>
  <testcase name="[6] GetRoutineExercisesActivity, RoutineDao" classname="com.amazon.ata.gym.routine.service.tct.MT1DesignClassDiagramIntrospectionTests" time="0.01"/>
  <testcase name="[7] UpdateRoutineActivity, RoutineDao" classname="com.amazon.ata.gym.routine.service.tct.MT1DesignClassDiagramIntrospectionTests" time="0.009"/>
  <testcase name="mt1Design_getClassDiagram_nonEmptyFileExists()" classname="com.amazon.ata.gym.routine.service.tct.MT1DesignClassDiagramIntrospectionTests" time="0.002"/>
  <testcase name="[1] AddExerciseToRoutine" classname="com.amazon.ata.gym.routine.service.tct.MT1DesignClassDiagramIntrospectionTests" time="0.003"/>
  <testcase name="[2] CreateRoutine" classname="com.amazon.ata.gym.routine.service.tct.MT1DesignClassDiagramIntrospectionTests" time="0.002"/>
  <testcase name="[3] GetRoutine" classname="com.amazon.ata.gym.routine.service.tct.MT1DesignClassDiagramIntrospectionTests" time="0.002"/>
  <testcase name="[4] GetRoutineExercises" classname="com.amazon.ata.gym.routine.service.tct.MT1DesignClassDiagramIntrospectionTests" time="0.002"/>
  <testcase name="[5] UpdateRoutine" classname="com.amazon.ata.gym.routine.service.tct.MT1DesignClassDiagramIntrospectionTests" time="0.002"/>
  <testcase name="mt1Design_getClassDiagram_containsExerciseFields()" classname="com.amazon.ata.gym.routine.service.tct.MT1DesignClassDiagramIntrospectionTests" time="0.002"/>
  <testcase name="[1] ExerciseDao" classname="com.amazon.ata.gym.routine.service.tct.MT1DesignClassDiagramIntrospectionTests" time="0.012"/>
  <testcase name="[2] RoutineDao" classname="com.amazon.ata.gym.routine.service.tct.MT1DesignClassDiagramIntrospectionTests" time="0.007"/>
  <testcase name="[1] AddExerciseToRoutineActivity" classname="com.amazon.ata.gym.routine.service.tct.MT1DesignClassDiagramIntrospectionTests" time="0.001"/>
  <testcase name="[2] CreateRoutineActivity" classname="com.amazon.ata.gym.routine.service.tct.MT1DesignClassDiagramIntrospectionTests" time="0.002"/>
  <testcase name="[3] GetRoutineActivity" classname="com.amazon.ata.gym.routine.service.tct.MT1DesignClassDiagramIntrospectionTests" time="0.001"/>
  <testcase name="[4] GetRoutineExercisesActivity" classname="com.amazon.ata.gym.routine.service.tct.MT1DesignClassDiagramIntrospectionTests" time="0.001"/>
  <testcase name="[5] UpdateRoutineActivity" classname="com.amazon.ata.gym.routine.service.tct.MT1DesignClassDiagramIntrospectionTests" time="0.001"/>
  <testcase name="[6] Exercise" classname="com.amazon.ata.gym.routine.service.tct.MT1DesignClassDiagramIntrospectionTests" time="0.001"/>
  <testcase name="[7] Routine" classname="com.amazon.ata.gym.routine.service.tct.MT1DesignClassDiagramIntrospectionTests" time="0.001"/>
  <testcase name="[8] ExerciseDao" classname="com.amazon.ata.gym.routine.service.tct.MT1DesignClassDiagramIntrospectionTests" time="0.001"/>
  <testcase name="[9] RoutineDao" classname="com.amazon.ata.gym.routine.service.tct.MT1DesignClassDiagramIntrospectionTests" time="0.002"/>
  <testcase name="[10] ExerciseNotFoundException" classname="com.amazon.ata.gym.routine.service.tct.MT1DesignClassDiagramIntrospectionTests" time="0.001"/>
  <testcase name="[11] InvalidAttributeValueException" classname="com.amazon.ata.gym.routine.service.tct.MT1DesignClassDiagramIntrospectionTests" time="0.001"/>
  <testcase name="[12] RoutineNotFoundException" classname="com.amazon.ata.gym.routine.service.tct.MT1DesignClassDiagramIntrospectionTests" time="0.001"/>
  <testcase name="mt1Design_getClassDiagram_routineDaoContainsMethod()" classname="com.amazon.ata.gym.routine.service.tct.MT1DesignClassDiagramIntrospectionTests" time="0.002"/>
  <testcase name="mt1Design_getClassDiagram_containsRoutineFields()" classname="com.amazon.ata.gym.routine.service.tct.MT1DesignClassDiagramIntrospectionTests" time="0.002"/>
  <system-out><![CDATA[Class Diagram Content:
@startuml
title Gym Routine Service - Class Diagram

' Activity Classes
class AddExerciseToRoutineActivity {
    - Logger log
    - RoutineDao routineDao
    - ExerciseDao exerciseDao
    + AddExerciseToRoutineActivity(RoutineDao, ExerciseDao)
    + handleRequest(AddExerciseToRoutineRequest, Context): AddExerciseToRoutineResult
}

class CreateRoutineActivity {
    - Logger log
    - RoutineDao routineDao
    + CreateRoutineActivity(RoutineDao)
    + handleRequest(CreateRoutineRequest, Context): CreateRoutineResult
}

class GetRoutineActivity {
    - Logger log
    - RoutineDao routineDao
    + GetRoutineActivity(RoutineDao)
    + handleRequest(GetRoutineRequest, Context): GetRoutineResult
}

class GetRoutineExercisesActivity {
    - Logger log
    - RoutineDao routineDao
    + GetRoutineExercisesActivity(RoutineDao)
    + handleRequest(GetRoutineExercisesRequest, Context): GetRoutineExercisesResult
}

class UpdateRoutineActivity {
    - Logger log
    - RoutineDao routineDao
    + UpdateRoutineActivity(RoutineDao)
    + handleRequest(UpdateRoutineRequest, Context): UpdateRoutineResult
}

' DAO Classes
class ExerciseDao {
    - dynamoDbMapper: DynamoDBMapper
    + ExerciseDao(DynamoDBMapper)
    + getExercise(String): Exercise
    + saveExercise(Exercise): void
}

class RoutineDao {
    - dynamoDbMapper: DynamoDBMapper
    + RoutineDao(DynamoDBMapper)
    + getRoutine(String): Routine
    + saveRoutine(Routine): void
}

' Exception Classes
class AttributeException extends RuntimeException {
    + AttributeException()
    + AttributeException(String)
    + AttributeException(Throwable)
    + AttributeException(String, Throwable)
}

class InvalidAttributeValueException extends AttributeException {
    + InvalidAttributeValueException()
    + InvalidAttributeValueException(String)
    + InvalidAttributeValueException(Throwable)
    + InvalidAttributeValueException(String, Throwable)
}

class InvalidAttributeChangeException extends AttributeException {
    + InvalidAttributeChangeException()
    + InvalidAttributeChangeException(String)
    + InvalidAttributeChangeException(Throwable)
    + InvalidAttributeChangeException(String, Throwable)
}

class ExerciseNotFoundException extends RuntimeException {
    + ExerciseNotFoundException()
    + ExerciseNotFoundException(String)
    + ExerciseNotFoundException(Throwable)
    + ExerciseNotFoundException(String, Throwable)
}

class RoutineNotFoundException extends RuntimeException {
    + RoutineNotFoundException()
    + RoutineNotFoundException(String)
    + RoutineNotFoundException(Throwable)
    + RoutineNotFoundException(String, Throwable)
}

' DynamoDB Model Classes
class Exercise {
    + @DynamoDBHashKey exerciseId : String
    + exerciseName : String
    + @DynamoDBRangeKey exerciseNumber : Integer
    + muscleGroupName : String
}

class Routine {
    + @DynamoDBHashKey id : String
    + name : String
    + customerId : String
    + exerciseCount : Integer
    + tags : Set<String>
    + exerciseList : List<Exercise>
}

' Utility Classes
class GymRoutineServiceUtils {
    + static validateRoutineName(String): void
    + static validateExerciseList(List<Exercise>): void
}

class ModelConverter {
    + static toRoutineModel(Routine): RoutineModel
    + static toExerciseModel(Exercise): ExerciseModel
}

class RoutineModel {
    + id : String
    + name : String
    + customerId : String
    + exerciseCount : Integer
    + tags : Set<String>
    + exerciseList : List<ExerciseModel>
}

class ExerciseModel {
    + exerciseId : String
    + exerciseName : String
    + exerciseType : String
    + exerciseNumber : Integer
}

' Relationships
AddExerciseToRoutineActivity --> RoutineDao
AddExerciseToRoutineActivity --> ExerciseDao

CreateRoutineActivity --> RoutineDao

GetRoutineActivity --> RoutineDao

GetRoutineExercisesActivity --> RoutineDao

UpdateRoutineActivity --> RoutineDao

Routine --> Exercise : contains

ModelConverter --> Routine
ModelConverter --> RoutineModel

CreateRoutineActivity --> GymRoutineServiceUtils

AddExerciseToRoutineActivity --> InvalidAttributeValueException : throws
UpdateRoutineActivity --> InvalidAttributeChangeException : throws

AttributeException <|-- InvalidAttributeValueException
AttributeException <|-- InvalidAttributeChangeException

InvalidAttributeValueException <|-- InvalidAttributeChangeException

ExerciseNotFoundException <|-- RoutineNotFoundException
Routine --> ExerciseModel : uses

@enduml





Class Diagram Content:
@startuml
title Gym Routine Service - Class Diagram

' Activity Classes
class AddExerciseToRoutineActivity {
    - Logger log
    - RoutineDao routineDao
    - ExerciseDao exerciseDao
    + AddExerciseToRoutineActivity(RoutineDao, ExerciseDao)
    + handleRequest(AddExerciseToRoutineRequest, Context): AddExerciseToRoutineResult
}

class CreateRoutineActivity {
    - Logger log
    - RoutineDao routineDao
    + CreateRoutineActivity(RoutineDao)
    + handleRequest(CreateRoutineRequest, Context): CreateRoutineResult
}

class GetRoutineActivity {
    - Logger log
    - RoutineDao routineDao
    + GetRoutineActivity(RoutineDao)
    + handleRequest(GetRoutineRequest, Context): GetRoutineResult
}

class GetRoutineExercisesActivity {
    - Logger log
    - RoutineDao routineDao
    + GetRoutineExercisesActivity(RoutineDao)
    + handleRequest(GetRoutineExercisesRequest, Context): GetRoutineExercisesResult
}

class UpdateRoutineActivity {
    - Logger log
    - RoutineDao routineDao
    + UpdateRoutineActivity(RoutineDao)
    + handleRequest(UpdateRoutineRequest, Context): UpdateRoutineResult
}

' DAO Classes
class ExerciseDao {
    - dynamoDbMapper: DynamoDBMapper
    + ExerciseDao(DynamoDBMapper)
    + getExercise(String): Exercise
    + saveExercise(Exercise): void
}

class RoutineDao {
    - dynamoDbMapper: DynamoDBMapper
    + RoutineDao(DynamoDBMapper)
    + getRoutine(String): Routine
    + saveRoutine(Routine): void
}

' Exception Classes
class AttributeException extends RuntimeException {
    + AttributeException()
    + AttributeException(String)
    + AttributeException(Throwable)
    + AttributeException(String, Throwable)
}

class InvalidAttributeValueException extends AttributeException {
    + InvalidAttributeValueException()
    + InvalidAttributeValueException(String)
    + InvalidAttributeValueException(Throwable)
    + InvalidAttributeValueException(String, Throwable)
}

class InvalidAttributeChangeException extends AttributeException {
    + InvalidAttributeChangeException()
    + InvalidAttributeChangeException(String)
    + InvalidAttributeChangeException(Throwable)
    + InvalidAttributeChangeException(String, Throwable)
}

class ExerciseNotFoundException extends RuntimeException {
    + ExerciseNotFoundException()
    + ExerciseNotFoundException(String)
    + ExerciseNotFoundException(Throwable)
    + ExerciseNotFoundException(String, Throwable)
}

class RoutineNotFoundException extends RuntimeException {
    + RoutineNotFoundException()
    + RoutineNotFoundException(String)
    + RoutineNotFoundException(Throwable)
    + RoutineNotFoundException(String, Throwable)
}

' DynamoDB Model Classes
class Exercise {
    + @DynamoDBHashKey exerciseId : String
    + exerciseName : String
    + @DynamoDBRangeKey exerciseNumber : Integer
    + muscleGroupName : String
}

class Routine {
    + @DynamoDBHashKey id : String
    + name : String
    + customerId : String
    + exerciseCount : Integer
    + tags : Set<String>
    + exerciseList : List<Exercise>
}

' Utility Classes
class GymRoutineServiceUtils {
    + static validateRoutineName(String): void
    + static validateExerciseList(List<Exercise>): void
}

class ModelConverter {
    + static toRoutineModel(Routine): RoutineModel
    + static toExerciseModel(Exercise): ExerciseModel
}

class RoutineModel {
    + id : String
    + name : String
    + customerId : String
    + exerciseCount : Integer
    + tags : Set<String>
    + exerciseList : List<ExerciseModel>
}

class ExerciseModel {
    + exerciseId : String
    + exerciseName : String
    + exerciseType : String
    + exerciseNumber : Integer
}

' Relationships
AddExerciseToRoutineActivity --> RoutineDao
AddExerciseToRoutineActivity --> ExerciseDao

CreateRoutineActivity --> RoutineDao

GetRoutineActivity --> RoutineDao

GetRoutineExercisesActivity --> RoutineDao

UpdateRoutineActivity --> RoutineDao

Routine --> Exercise : contains

ModelConverter --> Routine
ModelConverter --> RoutineModel

CreateRoutineActivity --> GymRoutineServiceUtils

AddExerciseToRoutineActivity --> InvalidAttributeValueException : throws
UpdateRoutineActivity --> InvalidAttributeChangeException : throws

AttributeException <|-- InvalidAttributeValueException
AttributeException <|-- InvalidAttributeChangeException

InvalidAttributeValueException <|-- InvalidAttributeChangeException

ExerciseNotFoundException <|-- RoutineNotFoundException
Routine --> ExerciseModel : uses

@enduml





]]></system-out>
  <system-err><![CDATA[]]></system-err>
</testsuite>
