<?xml version="1.0" encoding="UTF-8"?>
<testsuite name="com.amazon.ata.gym.routine.service.activity.GetRoutineExercisesActivityTest" tests="3" skipped="0" failures="0" errors="0" timestamp="2024-09-05T16:43:42" hostname="SANTIMSI" time="0.012">
  <properties/>
  <testcase name="handleRequest_routineExistsWithExercises_returnsExercisesInRoutine()" classname="com.amazon.ata.gym.routine.service.activity.GetRoutineExercisesActivityTest" time="0.005"/>
  <testcase name="handleRequest_routineExistsWithoutExercises_returnsEmptyList()" classname="com.amazon.ata.gym.routine.service.activity.GetRoutineExercisesActivityTest" time="0.004"/>
  <testcase name="handleRequest_noMatchingRoutineId_throwsRoutineNotFoundException()" classname="com.amazon.ata.gym.routine.service.activity.GetRoutineExercisesActivityTest" time="0.002"/>
  <system-out><![CDATA[]]></system-out>
  <system-err><![CDATA[]]></system-err>
</testsuite>
