<?xml version="1.0" encoding="UTF-8"?>
<testsuite name="com.amazon.ata.gym.routine.service.activity.GetRoutineActivityTest" tests="1" skipped="0" failures="0" errors="0" timestamp="2024-09-16T12:41:30" hostname="SANTIMSI" time="0.024">
  <properties/>
  <testcase name="handleRequest_savedRoutineFound_returnsRoutineModelInResult()" classname="com.amazon.ata.gym.routine.service.activity.GetRoutineActivityTest" time="0.024"/>
  <system-out><![CDATA[]]></system-out>
  <system-err><![CDATA[]]></system-err>
</testsuite>
